<?xml version="1.0" encoding="UTF-8"?>
<testng-results skipped="0" failed="0" ignored="0" total="1" passed="1">
  <reporter-output>
  </reporter-output>
  <suite name="Command line suite" duration-ms="24784" started-at="2018-09-07T21:21:29Z" finished-at="2018-09-07T21:21:54Z">
    <groups>
    </groups>
    <test name="Command line test" duration-ms="24784" started-at="2018-09-07T21:21:29Z" finished-at="2018-09-07T21:21:54Z">
      <class name="pfPack.tests.LoginTest">
        <test-method status="PASS" signature="testLogin()[pri:0, instance:pfPack.tests.LoginTest@9b1010]" name="testLogin" duration-ms="23612" started-at="2018-09-07T21:21:29Z" finished-at="2018-09-07T21:21:53Z">
          <reporter-output>
          </reporter-output>
        </test-method> <!-- testLogin -->
        <test-method status="PASS" signature="testClosure()[pri:0, instance:pfPack.tests.LoginTest@9b1010]" name="testClosure" is-config="true" duration-ms="1132" started-at="2018-09-07T21:21:53Z" finished-at="2018-09-07T21:21:54Z">
          <reporter-output>
          </reporter-output>
        </test-method> <!-- testClosure -->
      </class> <!-- pfPack.tests.LoginTest -->
    </test> <!-- Command line test -->
  </suite> <!-- Command line suite -->
</testng-results>
